<?xml version="1.0"?>
<testsuite name="Chrome 51.0.2704 (Windows 7 0.0.0)" package="" timestamp="2016-06-15T22:03:21" id="0" hostname="AMUSLT25366" tests="13" errors="0" failures="0" time="0.004">
  <properties>
    <property name="browser.fullName" value="Mozilla/5.0 (Windows NT 6.1; WOW64) AppleWebKit/537.36 (KHTML, like Gecko) Chrome/51.0.2704.84 Safari/537.36"/>
  </properties>
  <testcase name="1st tests true is true" time="0.002" classname="Chrome_51_0_2704_(Windows_7_0_0_0).1st tests"/>
  <testcase name="1st tests true is false" time="0" classname="Chrome_51_0_2704_(Windows_7_0_0_0).1st tests"/>
  <testcase name="1st tests true is false" time="0.001" classname="Chrome_51_0_2704_(Windows_7_0_0_0).1st tests"/>
  <testcase name="1st tests true is false" time="0" classname="Chrome_51_0_2704_(Windows_7_0_0_0).1st tests"/>
  <testcase name="1st tests true is false" time="0" classname="Chrome_51_0_2704_(Windows_7_0_0_0).1st tests"/>
  <testcase name="1st tests true is false" time="0" classname="Chrome_51_0_2704_(Windows_7_0_0_0).1st tests"/>
  <testcase name="1st tests true is true" time="0" classname="Chrome_51_0_2704_(Windows_7_0_0_0).1st tests"/>
  <testcase name="1st tests true is false" time="0" classname="Chrome_51_0_2704_(Windows_7_0_0_0).1st tests"/>
  <testcase name="1st tests true is false" time="0" classname="Chrome_51_0_2704_(Windows_7_0_0_0).1st tests"/>
  <testcase name="1st tests true is false" time="0" classname="Chrome_51_0_2704_(Windows_7_0_0_0).1st tests"/>
  <testcase name="1st tests true is false" time="0.001" classname="Chrome_51_0_2704_(Windows_7_0_0_0).1st tests"/>
  <testcase name="1st tests true is false" time="0" classname="Chrome_51_0_2704_(Windows_7_0_0_0).1st tests"/>
  <testcase name="1st tests true is false" time="0" classname="Chrome_51_0_2704_(Windows_7_0_0_0).1st tests"/>
  <system-out>
    <![CDATA[
]]>
  </system-out>
  <system-err/>
</testsuite>